[p6_03] device: cuda
[p6_03] loading LINCS AML matrix…
[p6_03] 416 unique compounds, 12328 genes
[p6_03] loading scVI model…
[34mINFO    [0m File [35m./models/scvi/van_galen_d30/[0m[95mmodel.pt[0m  
         already downloaded                                                     
[p6_03] HVG genes: 3000
[p6_03] HVG ∩ LINCS: 1783
[34mINFO    [0m AnnData object appears to be a copy. Attempting to transfer setup.     
[p6_03] computing Δlatent for 416 drugs (alpha=0.3)…
[34mINFO    [0m AnnData object appears to be a copy. Attempting to transfer setup.     
[34mINFO    [0m AnnData object appears to be a copy. Attempting to transfer setup.     
[34mINFO    [0m AnnData object appears to be a copy. Attempting to transfer setup.     
[34mINFO    [0m AnnData object appears to be a copy. Attempting to transfer setup.     
[34mINFO    [0m AnnData object appears to be a copy. Attempting to transfer setup.     
[34mINFO    [0m AnnData object appears to be a copy. Attempting to transfer setup.     
[34mINFO    [0m AnnData object appears to be a copy. Attempting to transfer setup.     
[34mINFO    [0m AnnData object appears to be a copy. Attempting to transfer setup.     
[34mINFO    [0m AnnData object appears to be a copy. Attempting to transfer setup.     
[34mINFO    [0m AnnData object appears to be a copy. Attempting to transfer setup.     
[34mINFO    [0m AnnData object appears to be a copy. Attempting to transfer setup.     
[34mINFO    [0m AnnData object appears to be a copy. Attempting to transfer setup.     
[34mINFO    [0m AnnData object appears to be a copy. Attempting to transfer setup.     
[34mINFO    [0m AnnData object appears to be a copy. Attempting to transfer setup.     
[34mINFO    [0m AnnData object appears to be a copy. Attempting to transfer setup.     
[34mINFO    [0m AnnData object appears to be a copy. Attempting to transfer setup.     
[34mINFO    [0m AnnData object appears to be a copy. Attempting to transfer setup.     
[34mINFO    [0m AnnData object appears to be a copy. Attempting to transfer setup.     
[34mINFO    [0m AnnData object appears to be a copy. Attempting to transfer setup.     
[34mINFO    [0m AnnData object appears to be a copy. Attempting to transfer setup.     
[34mINFO    [0m AnnData object appears to be a copy. Attempting to transfer setup.     
[34mINFO    [0m AnnData object appears to be a copy. Attempting to transfer setup.     
[34mINFO    [0m AnnData object appears to be a copy. Attempting to transfer setup.     
[34mINFO    [0m AnnData object appears to be a copy. Attempting to transfer setup.     
[34mINFO    [0m AnnData object appears to be a copy. Attempting to transfer setup.     
[34mINFO    [0m AnnData object appears to be a copy. Attempting to transfer setup.     
[34mINFO    [0m AnnData object appears to be a copy. Attempting to transfer setup.     
[34mINFO    [0m AnnData object appears to be a copy. Attempting to transfer setup.     
[34mINFO    [0m AnnData object appears to be a copy. Attempting to transfer setup.     
[34mINFO    [0m AnnData object appears to be a copy. Attempting to transfer setup.     
[34mINFO    [0m AnnData object appears to be a copy. Attempting to transfer setup.     
[34mINFO    [0m AnnData object appears to be a copy. Attempting to transfer setup.     
[34mINFO    [0m AnnData object appears to be a copy. Attempting to transfer setup.     
[34mINFO    [0m AnnData object appears to be a copy. Attempting to transfer setup.     
[34mINFO    [0m AnnData object appears to be a copy. Attempting to transfer setup.     
[34mINFO    [0m AnnData object appears to be a copy. Attempting to transfer setup.     
[34mINFO    [0m AnnData object appears to be a copy. Attempting to transfer setup.     
[34mINFO    [0m AnnData object appears to be a copy. Attempting to transfer setup.     
[34mINFO    [0m AnnData object appears to be a copy. Attempting to transfer setup.     
[34mINFO    [0m AnnData object appears to be a copy. Attempting to transfer setup.     
[34mINFO    [0m AnnData object appears to be a copy. Attempting to transfer setup.     
[34mINFO    [0m AnnData object appears to be a copy. Attempting to transfer setup.     
[34mINFO    [0m AnnData object appears to be a copy. Attempting to transfer setup.     
[34mINFO    [0m AnnData object appears to be a copy. Attempting to transfer setup.     
[34mINFO    [0m AnnData object appears to be a copy. Attempting to transfer setup.     
[34mINFO    [0m AnnData object appears to be a copy. Attempting to transfer setup.     
[34mINFO    [0m AnnData object appears to be a copy. Attempting to transfer setup.     
[34mINFO    [0m AnnData object appears to be a copy. Attempting to transfer setup.     
[34mINFO    [0m AnnData object appears to be a copy. Attempting to transfer setup.     
[34mINFO    [0m AnnData object appears to be a copy. Attempting to transfer setup.     
  50/416
[34mINFO    [0m AnnData object appears to be a copy. Attempting to transfer setup.     
[34mINFO    [0m AnnData object appears to be a copy. Attempting to transfer setup.     
[34mINFO    [0m AnnData object appears to be a copy. Attempting to transfer setup.     
[34mINFO    [0m AnnData object appears to be a copy. Attempting to transfer setup.     
[34mINFO    [0m AnnData object appears to be a copy. Attempting to transfer setup.     
[34mINFO    [0m AnnData object appears to be a copy. Attempting to transfer setup.     
[34mINFO    [0m AnnData object appears to be a copy. Attempting to transfer setup.     
[34mINFO    [0m AnnData object appears to be a copy. Attempting to transfer setup.     
[34mINFO    [0m AnnData object appears to be a copy. Attempting to transfer setup.     
[34mINFO    [0m AnnData object appears to be a copy. Attempting to transfer setup.     
[34mINFO    [0m AnnData object appears to be a copy. Attempting to transfer setup.     
[34mINFO    [0m AnnData object appears to be a copy. Attempting to transfer setup.     
[34mINFO    [0m AnnData object appears to be a copy. Attempting to transfer setup.     
[34mINFO    [0m AnnData object appears to be a copy. Attempting to transfer setup.     
[34mINFO    [0m AnnData object appears to be a copy. Attempting to transfer setup.     
[34mINFO    [0m AnnData object appears to be a copy. Attempting to transfer setup.     
[34mINFO    [0m AnnData object appears to be a copy. Attempting to transfer setup.     
[34mINFO    [0m AnnData object appears to be a copy. Attempting to transfer setup.     
[34mINFO    [0m AnnData object appears to be a copy. Attempting to transfer setup.     
[34mINFO    [0m AnnData object appears to be a copy. Attempting to transfer setup.     
[34mINFO    [0m AnnData object appears to be a copy. Attempting to transfer setup.     
[34mINFO    [0m AnnData object appears to be a copy. Attempting to transfer setup.     
[34mINFO    [0m AnnData object appears to be a copy. Attempting to transfer setup.     
[34mINFO    [0m AnnData object appears to be a copy. Attempting to transfer setup.     
[34mINFO    [0m AnnData object appears to be a copy. Attempting to transfer setup.     
[34mINFO    [0m AnnData object appears to be a copy. Attempting to transfer setup.     
[34mINFO    [0m AnnData object appears to be a copy. Attempting to transfer setup.     
[34mINFO    [0m AnnData object appears to be a copy. Attempting to transfer setup.     
[34mINFO    [0m AnnData object appears to be a copy. Attempting to transfer setup.     
[34mINFO    [0m AnnData object appears to be a copy. Attempting to transfer setup.     
[34mINFO    [0m AnnData object appears to be a copy. Attempting to transfer setup.     
[34mINFO    [0m AnnData object appears to be a copy. Attempting to transfer setup.     
[34mINFO    [0m AnnData object appears to be a copy. Attempting to transfer setup.     
[34mINFO    [0m AnnData object appears to be a copy. Attempting to transfer setup.     
[34mINFO    [0m AnnData object appears to be a copy. Attempting to transfer setup.     
[34mINFO    [0m AnnData object appears to be a copy. Attempting to transfer setup.     
[34mINFO    [0m AnnData object appears to be a copy. Attempting to transfer setup.     
[34mINFO    [0m AnnData object appears to be a copy. Attempting to transfer setup.     
[34mINFO    [0m AnnData object appears to be a copy. Attempting to transfer setup.     
[34mINFO    [0m AnnData object appears to be a copy. Attempting to transfer setup.     
[34mINFO    [0m AnnData object appears to be a copy. Attempting to transfer setup.     
[34mINFO    [0m AnnData object appears to be a copy. Attempting to transfer setup.     
[34mINFO    [0m AnnData object appears to be a copy. Attempting to transfer setup.     
[34mINFO    [0m AnnData object appears to be a copy. Attempting to transfer setup.     
[34mINFO    [0m AnnData object appears to be a copy. Attempting to transfer setup.     
[34mINFO    [0m AnnData object appears to be a copy. Attempting to transfer setup.     
[34mINFO    [0m AnnData object appears to be a copy. Attempting to transfer setup.     
[34mINFO    [0m AnnData object appears to be a copy. Attempting to transfer setup.     
[34mINFO    [0m AnnData object appears to be a copy. Attempting to transfer setup.     
[34mINFO    [0m AnnData object appears to be a copy. Attempting to transfer setup.     
[34mINFO    [0m AnnData object appears to be a copy. Attempting to transfer setup.     
[34mINFO    [0m AnnData object appears to be a copy. Attempting to transfer setup.     
[34mINFO    [0m AnnData object appears to be a copy. Attempting to transfer setup.     
[34mINFO    [0m AnnData object appears to be a copy. Attempting to transfer setup.     
[34mINFO    [0m AnnData object appears to be a copy. Attempting to transfer setup.     
[34mINFO    [0m AnnData object appears to be a copy. Attempting to transfer setup.     
[34mINFO    [0m AnnData object appears to be a copy. Attempting to transfer setup.     
[34mINFO    [0m AnnData object appears to be a copy. Attempting to transfer setup.     
[34mINFO    [0m AnnData object appears to be a copy. Attempting to transfer setup.     
[34mINFO    [0m AnnData object appears to be a copy. Attempting to transfer setup.     
[34mINFO    [0m AnnData object appears to be a copy. Attempting to transfer setup.     
[34mINFO    [0m AnnData object appears to be a copy. Attempting to transfer setup.     
[34mINFO    [0m AnnData object appears to be a copy. Attempting to transfer setup.     
[34mINFO    [0m AnnData object appears to be a copy. Attempting to transfer setup.     
[34mINFO    [0m AnnData object appears to be a copy. Attempting to transfer setup.     
[34mINFO    [0m AnnData object appears to be a copy. Attempting to transfer setup.     
[34mINFO    [0m AnnData object appears to be a copy. Attempting to transfer setup.     
[34mINFO    [0m AnnData object appears to be a copy. Attempting to transfer setup.     
[34mINFO    [0m AnnData object appears to be a copy. Attempting to transfer setup.     
[34mINFO    [0m AnnData object appears to be a copy. Attempting to transfer setup.     
[34mINFO    [0m AnnData object appears to be a copy. Attempting to transfer setup.     
[34mINFO    [0m AnnData object appears to be a copy. Attempting to transfer setup.     
[34mINFO    [0m AnnData object appears to be a copy. Attempting to transfer setup.     
[34mINFO    [0m AnnData object appears to be a copy. Attempting to transfer setup.     
[34mINFO    [0m AnnData object appears to be a copy. Attempting to transfer setup.     
[34mINFO    [0m AnnData object appears to be a copy. Attempting to transfer setup.     
[34mINFO    [0m AnnData object appears to be a copy. Attempting to transfer setup.     
[34mINFO    [0m AnnData object appears to be a copy. Attempting to transfer setup.     
[34mINFO    [0m AnnData object appears to be a copy. Attempting to transfer setup.     
[34mINFO    [0m AnnData object appears to be a copy. Attempting to transfer setup.     
[34mINFO    [0m AnnData object appears to be a copy. Attempting to transfer setup.     
[34mINFO    [0m AnnData object appears to be a copy. Attempting to transfer setup.     
[34mINFO    [0m AnnData object appears to be a copy. Attempting to transfer setup.     
[34mINFO    [0m AnnData object appears to be a copy. Attempting to transfer setup.     
[34mINFO    [0m AnnData object appears to be a copy. Attempting to transfer setup.     
[34mINFO    [0m AnnData object appears to be a copy. Attempting to transfer setup.     
[34mINFO    [0m AnnData object appears to be a copy. Attempting to transfer setup.     
[34mINFO    [0m AnnData object appears to be a copy. Attempting to transfer setup.     
[34mINFO    [0m AnnData object appears to be a copy. Attempting to transfer setup.     
[34mINFO    [0m AnnData object appears to be a copy. Attempting to transfer setup.     
[34mINFO    [0m AnnData object appears to be a copy. Attempting to transfer setup.     
[34mINFO    [0m AnnData object appears to be a copy. Attempting to transfer setup.     
[34mINFO    [0m AnnData object appears to be a copy. Attempting to transfer setup.     
[34mINFO    [0m AnnData object appears to be a copy. Attempting to transfer setup.     
[34mINFO    [0m AnnData object appears to be a copy. Attempting to transfer setup.     
[34mINFO    [0m AnnData object appears to be a copy. Attempting to transfer setup.     
[34mINFO    [0m AnnData object appears to be a copy. Attempting to transfer setup.     
[34mINFO    [0m AnnData object appears to be a copy. Attempting to transfer setup.     
[34mINFO    [0m AnnData object appears to be a copy. Attempting to transfer setup.     
[34mINFO    [0m AnnData object appears to be a copy. Attempting to transfer setup.     
  150/416
[34mINFO    [0m AnnData object appears to be a copy. Attempting to transfer setup.     
[34mINFO    [0m AnnData object appears to be a copy. Attempting to transfer setup.     
[34mINFO    [0m AnnData object appears to be a copy. Attempting to transfer setup.     
[34mINFO    [0m AnnData object appears to be a copy. Attempting to transfer setup.     
[34mINFO    [0m AnnData object appears to be a copy. Attempting to transfer setup.     
[34mINFO    [0m AnnData object appears to be a copy. Attempting to transfer setup.     
[34mINFO    [0m AnnData object appears to be a copy. Attempting to transfer setup.     
[34mINFO    [0m AnnData object appears to be a copy. Attempting to transfer setup.     
[34mINFO    [0m AnnData object appears to be a copy. Attempting to transfer setup.     
[34mINFO    [0m AnnData object appears to be a copy. Attempting to transfer setup.     
[34mINFO    [0m AnnData object appears to be a copy. Attempting to transfer setup.     
[34mINFO    [0m AnnData object appears to be a copy. Attempting to transfer setup.     
[34mINFO    [0m AnnData object appears to be a copy. Attempting to transfer setup.     
[34mINFO    [0m AnnData object appears to be a copy. Attempting to transfer setup.     
[34mINFO    [0m AnnData object appears to be a copy. Attempting to transfer setup.     
[34mINFO    [0m AnnData object appears to be a copy. Attempting to transfer setup.     
[34mINFO    [0m AnnData object appears to be a copy. Attempting to transfer setup.     
[34mINFO    [0m AnnData object appears to be a copy. Attempting to transfer setup.     
[34mINFO    [0m AnnData object appears to be a copy. Attempting to transfer setup.     
[34mINFO    [0m AnnData object appears to be a copy. Attempting to transfer setup.     
[34mINFO    [0m AnnData object appears to be a copy. Attempting to transfer setup.     
[34mINFO    [0m AnnData object appears to be a copy. Attempting to transfer setup.     
[34mINFO    [0m AnnData object appears to be a copy. Attempting to transfer setup.     
[34mINFO    [0m AnnData object appears to be a copy. Attempting to transfer setup.     
[34mINFO    [0m AnnData object appears to be a copy. Attempting to transfer setup.     
[34mINFO    [0m AnnData object appears to be a copy. Attempting to transfer setup.     
[34mINFO    [0m AnnData object appears to be a copy. Attempting to transfer setup.     
[34mINFO    [0m AnnData object appears to be a copy. Attempting to transfer setup.     
[34mINFO    [0m AnnData object appears to be a copy. Attempting to transfer setup.     
[34mINFO    [0m AnnData object appears to be a copy. Attempting to transfer setup.     
[34mINFO    [0m AnnData object appears to be a copy. Attempting to transfer setup.     
[34mINFO    [0m AnnData object appears to be a copy. Attempting to transfer setup.     
[34mINFO    [0m AnnData object appears to be a copy. Attempting to transfer setup.     
[34mINFO    [0m AnnData object appears to be a copy. Attempting to transfer setup.     
[34mINFO    [0m AnnData object appears to be a copy. Attempting to transfer setup.     
[34mINFO    [0m AnnData object appears to be a copy. Attempting to transfer setup.     
[34mINFO    [0m AnnData object appears to be a copy. Attempting to transfer setup.     
[34mINFO    [0m AnnData object appears to be a copy. Attempting to transfer setup.     
[34mINFO    [0m AnnData object appears to be a copy. Attempting to transfer setup.     
[34mINFO    [0m AnnData object appears to be a copy. Attempting to transfer setup.     
[34mINFO    [0m AnnData object appears to be a copy. Attempting to transfer setup.     
[34mINFO    [0m AnnData object appears to be a copy. Attempting to transfer setup.     
[34mINFO    [0m AnnData object appears to be a copy. Attempting to transfer setup.     
[34mINFO    [0m AnnData object appears to be a copy. Attempting to transfer setup.     
[34mINFO    [0m AnnData object appears to be a copy. Attempting to transfer setup.     
[34mINFO    [0m AnnData object appears to be a copy. Attempting to transfer setup.     
[34mINFO    [0m AnnData object appears to be a copy. Attempting to transfer setup.     
[34mINFO    [0m AnnData object appears to be a copy. Attempting to transfer setup.     
[34mINFO    [0m AnnData object appears to be a copy. Attempting to transfer setup.     
[34mINFO    [0m AnnData object appears to be a copy. Attempting to transfer setup.     
[34mINFO    [0m AnnData object appears to be a copy. Attempting to transfer setup.     
[34mINFO    [0m AnnData object appears to be a copy. Attempting to transfer setup.     
[34mINFO    [0m AnnData object appears to be a copy. Attempting to transfer setup.     
[34mINFO    [0m AnnData object appears to be a copy. Attempting to transfer setup.     
[34mINFO    [0m AnnData object appears to be a copy. Attempting to transfer setup.     
[34mINFO    [0m AnnData object appears to be a copy. Attempting to transfer setup.     
[34mINFO    [0m AnnData object appears to be a copy. Attempting to transfer setup.     
[34mINFO    [0m AnnData object appears to be a copy. Attempting to transfer setup.     
[34mINFO    [0m AnnData object appears to be a copy. Attempting to transfer setup.     
[34mINFO    [0m AnnData object appears to be a copy. Attempting to transfer setup.     
[34mINFO    [0m AnnData object appears to be a copy. Attempting to transfer setup.     
[34mINFO    [0m AnnData object appears to be a copy. Attempting to transfer setup.     
[34mINFO    [0m AnnData object appears to be a copy. Attempting to transfer setup.     
[34mINFO    [0m AnnData object appears to be a copy. Attempting to transfer setup.     
[34mINFO    [0m AnnData object appears to be a copy. Attempting to transfer setup.     
[34mINFO    [0m AnnData object appears to be a copy. Attempting to transfer setup.     
[34mINFO    [0m AnnData object appears to be a copy. Attempting to transfer setup.     
[34mINFO    [0m AnnData object appears to be a copy. Attempting to transfer setup.     
[34mINFO    [0m AnnData object appears to be a copy. Attempting to transfer setup.     
[34mINFO    [0m AnnData object appears to be a copy. Attempting to transfer setup.     
[34mINFO    [0m AnnData object appears to be a copy. Attempting to transfer setup.     
[34mINFO    [0m AnnData object appears to be a copy. Attempting to transfer setup.     
[34mINFO    [0m AnnData object appears to be a copy. Attempting to transfer setup.     
[34mINFO    [0m AnnData object appears to be a copy. Attempting to transfer setup.     
[34mINFO    [0m AnnData object appears to be a copy. Attempting to transfer setup.     
[34mINFO    [0m AnnData object appears to be a copy. Attempting to transfer setup.     
[34mINFO    [0m AnnData object appears to be a copy. Attempting to transfer setup.     
[34mINFO    [0m AnnData object appears to be a copy. Attempting to transfer setup.     
[34mINFO    [0m AnnData object appears to be a copy. Attempting to transfer setup.     
[34mINFO    [0m AnnData object appears to be a copy. Attempting to transfer setup.     
[34mINFO    [0m AnnData object appears to be a copy. Attempting to transfer setup.     
[34mINFO    [0m AnnData object appears to be a copy. Attempting to transfer setup.     
[34mINFO    [0m AnnData object appears to be a copy. Attempting to transfer setup.     
[34mINFO    [0m AnnData object appears to be a copy. Attempting to transfer setup.     
[34mINFO    [0m AnnData object appears to be a copy. Attempting to transfer setup.     
[34mINFO    [0m AnnData object appears to be a copy. Attempting to transfer setup.     
[34mINFO    [0m AnnData object appears to be a copy. Attempting to transfer setup.     
[34mINFO    [0m AnnData object appears to be a copy. Attempting to transfer setup.     
[34mINFO    [0m AnnData object appears to be a copy. Attempting to transfer setup.     
[34mINFO    [0m AnnData object appears to be a copy. Attempting to transfer setup.     
[34mINFO    [0m AnnData object appears to be a copy. Attempting to transfer setup.     
[34mINFO    [0m AnnData object appears to be a copy. Attempting to transfer setup.     
[34mINFO    [0m AnnData object appears to be a copy. Attempting to transfer setup.     
[34mINFO    [0m AnnData object appears to be a copy. Attempting to transfer setup.     
[34mINFO    [0m AnnData object appears to be a copy. Attempting to transfer setup.     
[34mINFO    [0m AnnData object appears to be a copy. Attempting to transfer setup.     
[34mINFO    [0m AnnData object appears to be a copy. Attempting to transfer setup.     
[34mINFO    [0m AnnData object appears to be a copy. Attempting to transfer setup.     
[34mINFO    [0m AnnData object appears to be a copy. Attempting to transfer setup.     
[34mINFO    [0m AnnData object appears to be a copy. Attempting to transfer setup.     
  250/416
[34mINFO    [0m AnnData object appears to be a copy. Attempting to transfer setup.     
[34mINFO    [0m AnnData object appears to be a copy. Attempting to transfer setup.     
[34mINFO    [0m AnnData object appears to be a copy. Attempting to transfer setup.     
[34mINFO    [0m AnnData object appears to be a copy. Attempting to transfer setup.     
[34mINFO    [0m AnnData object appears to be a copy. Attempting to transfer setup.     
[34mINFO    [0m AnnData object appears to be a copy. Attempting to transfer setup.     
[34mINFO    [0m AnnData object appears to be a copy. Attempting to transfer setup.     
[34mINFO    [0m AnnData object appears to be a copy. Attempting to transfer setup.     
[34mINFO    [0m AnnData object appears to be a copy. Attempting to transfer setup.     
[34mINFO    [0m AnnData object appears to be a copy. Attempting to transfer setup.     
[34mINFO    [0m AnnData object appears to be a copy. Attempting to transfer setup.     
[34mINFO    [0m AnnData object appears to be a copy. Attempting to transfer setup.     
[34mINFO    [0m AnnData object appears to be a copy. Attempting to transfer setup.     
[34mINFO    [0m AnnData object appears to be a copy. Attempting to transfer setup.     
[34mINFO    [0m AnnData object appears to be a copy. Attempting to transfer setup.     
[34mINFO    [0m AnnData object appears to be a copy. Attempting to transfer setup.     
[34mINFO    [0m AnnData object appears to be a copy. Attempting to transfer setup.     
[34mINFO    [0m AnnData object appears to be a copy. Attempting to transfer setup.     
[34mINFO    [0m AnnData object appears to be a copy. Attempting to transfer setup.     
[34mINFO    [0m AnnData object appears to be a copy. Attempting to transfer setup.     
[34mINFO    [0m AnnData object appears to be a copy. Attempting to transfer setup.     
[34mINFO    [0m AnnData object appears to be a copy. Attempting to transfer setup.     
[34mINFO    [0m AnnData object appears to be a copy. Attempting to transfer setup.     
[34mINFO    [0m AnnData object appears to be a copy. Attempting to transfer setup.     
[34mINFO    [0m AnnData object appears to be a copy. Attempting to transfer setup.     
[34mINFO    [0m AnnData object appears to be a copy. Attempting to transfer setup.     
[34mINFO    [0m AnnData object appears to be a copy. Attempting to transfer setup.     
[34mINFO    [0m AnnData object appears to be a copy. Attempting to transfer setup.     
[34mINFO    [0m AnnData object appears to be a copy. Attempting to transfer setup.     
[34mINFO    [0m AnnData object appears to be a copy. Attempting to transfer setup.     
[34mINFO    [0m AnnData object appears to be a copy. Attempting to transfer setup.     
[34mINFO    [0m AnnData object appears to be a copy. Attempting to transfer setup.     
[34mINFO    [0m AnnData object appears to be a copy. Attempting to transfer setup.     
[34mINFO    [0m AnnData object appears to be a copy. Attempting to transfer setup.     
[34mINFO    [0m AnnData object appears to be a copy. Attempting to transfer setup.     
[34mINFO    [0m AnnData object appears to be a copy. Attempting to transfer setup.     
[34mINFO    [0m AnnData object appears to be a copy. Attempting to transfer setup.     
[34mINFO    [0m AnnData object appears to be a copy. Attempting to transfer setup.     
[34mINFO    [0m AnnData object appears to be a copy. Attempting to transfer setup.     
[34mINFO    [0m AnnData object appears to be a copy. Attempting to transfer setup.     
[34mINFO    [0m AnnData object appears to be a copy. Attempting to transfer setup.     
[34mINFO    [0m AnnData object appears to be a copy. Attempting to transfer setup.     
[34mINFO    [0m AnnData object appears to be a copy. Attempting to transfer setup.     
[34mINFO    [0m AnnData object appears to be a copy. Attempting to transfer setup.     
[34mINFO    [0m AnnData object appears to be a copy. Attempting to transfer setup.     
[34mINFO    [0m AnnData object appears to be a copy. Attempting to transfer setup.     
[34mINFO    [0m AnnData object appears to be a copy. Attempting to transfer setup.     
[34mINFO    [0m AnnData object appears to be a copy. Attempting to transfer setup.     
[34mINFO    [0m AnnData object appears to be a copy. Attempting to transfer setup.     
[34mINFO    [0m AnnData object appears to be a copy. Attempting to transfer setup.     
[34mINFO    [0m AnnData object appears to be a copy. Attempting to transfer setup.     
[34mINFO    [0m AnnData object appears to be a copy. Attempting to transfer setup.     
[34mINFO    [0m AnnData object appears to be a copy. Attempting to transfer setup.     
[34mINFO    [0m AnnData object appears to be a copy. Attempting to transfer setup.     
[34mINFO    [0m AnnData object appears to be a copy. Attempting to transfer setup.     
[34mINFO    [0m AnnData object appears to be a copy. Attempting to transfer setup.     
[34mINFO    [0m AnnData object appears to be a copy. Attempting to transfer setup.     
[34mINFO    [0m AnnData object appears to be a copy. Attempting to transfer setup.     
[34mINFO    [0m AnnData object appears to be a copy. Attempting to transfer setup.     
[34mINFO    [0m AnnData object appears to be a copy. Attempting to transfer setup.     
[34mINFO    [0m AnnData object appears to be a copy. Attempting to transfer setup.     
[34mINFO    [0m AnnData object appears to be a copy. Attempting to transfer setup.     
[34mINFO    [0m AnnData object appears to be a copy. Attempting to transfer setup.     
[34mINFO    [0m AnnData object appears to be a copy. Attempting to transfer setup.     
[34mINFO    [0m AnnData object appears to be a copy. Attempting to transfer setup.     
[34mINFO    [0m AnnData object appears to be a copy. Attempting to transfer setup.     
[34mINFO    [0m AnnData object appears to be a copy. Attempting to transfer setup.     
[34mINFO    [0m AnnData object appears to be a copy. Attempting to transfer setup.     
[34mINFO    [0m AnnData object appears to be a copy. Attempting to transfer setup.     
[34mINFO    [0m AnnData object appears to be a copy. Attempting to transfer setup.     
[34mINFO    [0m AnnData object appears to be a copy. Attempting to transfer setup.     
[34mINFO    [0m AnnData object appears to be a copy. Attempting to transfer setup.     
[34mINFO    [0m AnnData object appears to be a copy. Attempting to transfer setup.     
[34mINFO    [0m AnnData object appears to be a copy. Attempting to transfer setup.     
[34mINFO    [0m AnnData object appears to be a copy. Attempting to transfer setup.     
[34mINFO    [0m AnnData object appears to be a copy. Attempting to transfer setup.     
[34mINFO    [0m AnnData object appears to be a copy. Attempting to transfer setup.     
[34mINFO    [0m AnnData object appears to be a copy. Attempting to transfer setup.     
[34mINFO    [0m AnnData object appears to be a copy. Attempting to transfer setup.     
[34mINFO    [0m AnnData object appears to be a copy. Attempting to transfer setup.     
[34mINFO    [0m AnnData object appears to be a copy. Attempting to transfer setup.     
[34mINFO    [0m AnnData object appears to be a copy. Attempting to transfer setup.     
[34mINFO    [0m AnnData object appears to be a copy. Attempting to transfer setup.     
[34mINFO    [0m AnnData object appears to be a copy. Attempting to transfer setup.     
[34mINFO    [0m AnnData object appears to be a copy. Attempting to transfer setup.     
[34mINFO    [0m AnnData object appears to be a copy. Attempting to transfer setup.     
[34mINFO    [0m AnnData object appears to be a copy. Attempting to transfer setup.     
[34mINFO    [0m AnnData object appears to be a copy. Attempting to transfer setup.     
[34mINFO    [0m AnnData object appears to be a copy. Attempting to transfer setup.     
[34mINFO    [0m AnnData object appears to be a copy. Attempting to transfer setup.     
[34mINFO    [0m AnnData object appears to be a copy. Attempting to transfer setup.     
[34mINFO    [0m AnnData object appears to be a copy. Attempting to transfer setup.     
[34mINFO    [0m AnnData object appears to be a copy. Attempting to transfer setup.     
[34mINFO    [0m AnnData object appears to be a copy. Attempting to transfer setup.     
[34mINFO    [0m AnnData object appears to be a copy. Attempting to transfer setup.     
[34mINFO    [0m AnnData object appears to be a copy. Attempting to transfer setup.     
[34mINFO    [0m AnnData object appears to be a copy. Attempting to transfer setup.     
[34mINFO    [0m AnnData object appears to be a copy. Attempting to transfer setup.     
[34mINFO    [0m AnnData object appears to be a copy. Attempting to transfer setup.     
[34mINFO    [0m AnnData object appears to be a copy. Attempting to transfer setup.     
  350/416
[34mINFO    [0m AnnData object appears to be a copy. Attempting to transfer setup.     
[34mINFO    [0m AnnData object appears to be a copy. Attempting to transfer setup.     
[34mINFO    [0m AnnData object appears to be a copy. Attempting to transfer setup.     
[34mINFO    [0m AnnData object appears to be a copy. Attempting to transfer setup.     
[34mINFO    [0m AnnData object appears to be a copy. Attempting to transfer setup.     
[34mINFO    [0m AnnData object appears to be a copy. Attempting to transfer setup.     
[34mINFO    [0m AnnData object appears to be a copy. Attempting to transfer setup.     
[34mINFO    [0m AnnData object appears to be a copy. Attempting to transfer setup.     
[34mINFO    [0m AnnData object appears to be a copy. Attempting to transfer setup.     
[34mINFO    [0m AnnData object appears to be a copy. Attempting to transfer setup.     
[34mINFO    [0m AnnData object appears to be a copy. Attempting to transfer setup.     
[34mINFO    [0m AnnData object appears to be a copy. Attempting to transfer setup.     
[34mINFO    [0m AnnData object appears to be a copy. Attempting to transfer setup.     
[34mINFO    [0m AnnData object appears to be a copy. Attempting to transfer setup.     
[34mINFO    [0m AnnData object appears to be a copy. Attempting to transfer setup.     
[34mINFO    [0m AnnData object appears to be a copy. Attempting to transfer setup.     
[34mINFO    [0m AnnData object appears to be a copy. Attempting to transfer setup.     
[34mINFO    [0m AnnData object appears to be a copy. Attempting to transfer setup.     
[34mINFO    [0m AnnData object appears to be a copy. Attempting to transfer setup.     
[34mINFO    [0m AnnData object appears to be a copy. Attempting to transfer setup.     
[34mINFO    [0m AnnData object appears to be a copy. Attempting to transfer setup.     
[34mINFO    [0m AnnData object appears to be a copy. Attempting to transfer setup.     
[34mINFO    [0m AnnData object appears to be a copy. Attempting to transfer setup.     
[34mINFO    [0m AnnData object appears to be a copy. Attempting to transfer setup.     
[34mINFO    [0m AnnData object appears to be a copy. Attempting to transfer setup.     
[34mINFO    [0m AnnData object appears to be a copy. Attempting to transfer setup.     
[34mINFO    [0m AnnData object appears to be a copy. Attempting to transfer setup.     
[34mINFO    [0m AnnData object appears to be a copy. Attempting to transfer setup.     
[34mINFO    [0m AnnData object appears to be a copy. Attempting to transfer setup.     
[34mINFO    [0m AnnData object appears to be a copy. Attempting to transfer setup.     
[34mINFO    [0m AnnData object appears to be a copy. Attempting to transfer setup.     
[34mINFO    [0m AnnData object appears to be a copy. Attempting to transfer setup.     
[34mINFO    [0m AnnData object appears to be a copy. Attempting to transfer setup.     
[34mINFO    [0m AnnData object appears to be a copy. Attempting to transfer setup.     
[34mINFO    [0m AnnData object appears to be a copy. Attempting to transfer setup.     
[34mINFO    [0m AnnData object appears to be a copy. Attempting to transfer setup.     
[34mINFO    [0m AnnData object appears to be a copy. Attempting to transfer setup.     
[34mINFO    [0m AnnData object appears to be a copy. Attempting to transfer setup.     
[34mINFO    [0m AnnData object appears to be a copy. Attempting to transfer setup.     
[34mINFO    [0m AnnData object appears to be a copy. Attempting to transfer setup.     
[34mINFO    [0m AnnData object appears to be a copy. Attempting to transfer setup.     
[34mINFO    [0m AnnData object appears to be a copy. Attempting to transfer setup.     
[34mINFO    [0m AnnData object appears to be a copy. Attempting to transfer setup.     
[34mINFO    [0m AnnData object appears to be a copy. Attempting to transfer setup.     
[34mINFO    [0m AnnData object appears to be a copy. Attempting to transfer setup.     
[34mINFO    [0m AnnData object appears to be a copy. Attempting to transfer setup.     
[34mINFO    [0m AnnData object appears to be a copy. Attempting to transfer setup.     
[34mINFO    [0m AnnData object appears to be a copy. Attempting to transfer setup.     
[34mINFO    [0m AnnData object appears to be a copy. Attempting to transfer setup.     
[34mINFO    [0m AnnData object appears to be a copy. Attempting to transfer setup.     
[34mINFO    [0m AnnData object appears to be a copy. Attempting to transfer setup.     
[34mINFO    [0m AnnData object appears to be a copy. Attempting to transfer setup.     
[34mINFO    [0m AnnData object appears to be a copy. Attempting to transfer setup.     
[34mINFO    [0m AnnData object appears to be a copy. Attempting to transfer setup.     
[34mINFO    [0m AnnData object appears to be a copy. Attempting to transfer setup.     
[34mINFO    [0m AnnData object appears to be a copy. Attempting to transfer setup.     
[34mINFO    [0m AnnData object appears to be a copy. Attempting to transfer setup.     
[34mINFO    [0m AnnData object appears to be a copy. Attempting to transfer setup.     
[34mINFO    [0m AnnData object appears to be a copy. Attempting to transfer setup.     
[34mINFO    [0m AnnData object appears to be a copy. Attempting to transfer setup.     
[34mINFO    [0m AnnData object appears to be a copy. Attempting to transfer setup.     
[34mINFO    [0m AnnData object appears to be a copy. Attempting to transfer setup.     
[34mINFO    [0m AnnData object appears to be a copy. Attempting to transfer setup.     
[34mINFO    [0m AnnData object appears to be a copy. Attempting to transfer setup.     
[34mINFO    [0m AnnData object appears to be a copy. Attempting to transfer setup.     
[34mINFO    [0m AnnData object appears to be a copy. Attempting to transfer setup.     
  416/416
[p6_03] saved drug latent directions ((416, 30))
[p6_03] computing Hessian soft-modes + projections…
  basin A0: soft-mode eigenvalue = 0.179
  basin A1: soft-mode eigenvalue = 0.225
  basin A2: soft-mode eigenvalue = 0.364
  basin A3: soft-mode eigenvalue = 0.243
[p6_03] wrote hessian_projection_per_state_drug.csv (32864 rows)
